{"/Users/taile4920/Documents/307/Perspektiv/backend/models/hodgepodge-services.js": {"path":"/Users/taile4920/Documents/307/Perspektiv/backend/models/hodgepodge-services.js","statementMap":{"0":{"start":{"line":1,"column":17},"end":{"line":1,"column":36}},"1":{"start":{"line":2,"column":24},"end":{"line":2,"column":47}},"2":{"start":{"line":3,"column":15},"end":{"line":3,"column":32}},"3":{"start":{"line":6,"column":0},"end":{"line":6,"column":16}},"4":{"start":{"line":9,"column":0},"end":{"line":9,"column":28}},"5":{"start":{"line":11,"column":0},"end":{"line":28,"column":40}},"6":{"start":{"line":28,"column":20},"end":{"line":28,"column":38}},"7":{"start":{"line":31,"column":4},"end":{"line":31,"column":52}},"8":{"start":{"line":35,"column":2},"end":{"line":35,"column":85}},"9":{"start":{"line":38,"column":0},"end":{"line":38,"column":52}},"10":{"start":{"line":39,"column":0},"end":{"line":39,"column":62}}},"fnMap":{"0":{"name":"(anonymous_0)","decl":{"start":{"line":28,"column":9},"end":{"line":28,"column":10}},"loc":{"start":{"line":28,"column":20},"end":{"line":28,"column":38}},"line":28},"1":{"name":"findHodgepodgeByName","decl":{"start":{"line":30,"column":15},"end":{"line":30,"column":35}},"loc":{"start":{"line":30,"column":42},"end":{"line":32,"column":1}},"line":30},"2":{"name":"findSimilarHodgepodgeName","decl":{"start":{"line":34,"column":15},"end":{"line":34,"column":40}},"loc":{"start":{"line":34,"column":47},"end":{"line":36,"column":1}},"line":34}},"branchMap":{},"s":{"0":1,"1":1,"2":1,"3":1,"4":1,"5":1,"6":0,"7":2,"8":3,"9":1,"10":1},"f":{"0":0,"1":2,"2":3},"b":{},"_coverageSchema":"1a1c01bbd47fc00a2c39e90264f33305004495a9","hash":"0e05d44b553ec1440a4f642c31309098beab4a51"}
,"/Users/taile4920/Documents/307/Perspektiv/backend/models/hodgepodge.js": {"path":"/Users/taile4920/Documents/307/Perspektiv/backend/models/hodgepodge.js","statementMap":{"0":{"start":{"line":1,"column":17},"end":{"line":1,"column":36}},"1":{"start":{"line":3,"column":25},"end":{"line":9,"column":36}},"2":{"start":{"line":13,"column":19},"end":{"line":13,"column":65}},"3":{"start":{"line":15,"column":0},"end":{"line":15,"column":28}}},"fnMap":{},"branchMap":{},"s":{"0":1,"1":1,"2":1,"3":1},"f":{},"b":{},"_coverageSchema":"1a1c01bbd47fc00a2c39e90264f33305004495a9","hash":"45a8e4f7e7a1c974887d0254916bbe587b5cacf7"}
,"/Users/taile4920/Documents/307/Perspektiv/backend/models/post-services.js": {"path":"/Users/taile4920/Documents/307/Perspektiv/backend/models/post-services.js","statementMap":{"0":{"start":{"line":1,"column":17},"end":{"line":1,"column":36}},"1":{"start":{"line":2,"column":18},"end":{"line":2,"column":35}},"2":{"start":{"line":3,"column":15},"end":{"line":3,"column":32}},"3":{"start":{"line":4,"column":13},"end":{"line":4,"column":30}},"4":{"start":{"line":6,"column":0},"end":{"line":6,"column":16}},"5":{"start":{"line":9,"column":0},"end":{"line":9,"column":28}},"6":{"start":{"line":11,"column":0},"end":{"line":28,"column":40}},"7":{"start":{"line":28,"column":20},"end":{"line":28,"column":38}},"8":{"start":{"line":31,"column":4},"end":{"line":31,"column":34}},"9":{"start":{"line":35,"column":4},"end":{"line":35,"column":72}},"10":{"start":{"line":38,"column":4},"end":{"line":38,"column":110}},"11":{"start":{"line":41,"column":0},"end":{"line":41,"column":28}},"12":{"start":{"line":42,"column":0},"end":{"line":42,"column":28}},"13":{"start":{"line":43,"column":0},"end":{"line":43,"column":32}}},"fnMap":{"0":{"name":"(anonymous_0)","decl":{"start":{"line":28,"column":9},"end":{"line":28,"column":10}},"loc":{"start":{"line":28,"column":20},"end":{"line":28,"column":38}},"line":28},"1":{"name":"getPosts","decl":{"start":{"line":30,"column":17},"end":{"line":30,"column":25}},"loc":{"start":{"line":30,"column":28},"end":{"line":32,"column":3}},"line":30},"2":{"name":"updateHP","decl":{"start":{"line":34,"column":17},"end":{"line":34,"column":25}},"loc":{"start":{"line":34,"column":35},"end":{"line":36,"column":3}},"line":34},"3":{"name":"addComment","decl":{"start":{"line":37,"column":17},"end":{"line":37,"column":27}},"loc":{"start":{"line":37,"column":50},"end":{"line":39,"column":3}},"line":37}},"branchMap":{},"s":{"0":1,"1":1,"2":1,"3":1,"4":1,"5":1,"6":1,"7":0,"8":3,"9":1,"10":1,"11":1,"12":1,"13":1},"f":{"0":0,"1":3,"2":1,"3":1},"b":{},"_coverageSchema":"1a1c01bbd47fc00a2c39e90264f33305004495a9","hash":"081c9a598921c2d216f427da021653b8da37d55f"}
,"/Users/taile4920/Documents/307/Perspektiv/backend/models/post.js": {"path":"/Users/taile4920/Documents/307/Perspektiv/backend/models/post.js","statementMap":{"0":{"start":{"line":1,"column":17},"end":{"line":1,"column":36}},"1":{"start":{"line":3,"column":12},"end":{"line":3,"column":22}},"2":{"start":{"line":4,"column":15},"end":{"line":4,"column":137}},"3":{"start":{"line":5,"column":9},"end":{"line":5,"column":24}},"4":{"start":{"line":6,"column":9},"end":{"line":6,"column":33}},"5":{"start":{"line":7,"column":11},"end":{"line":7,"column":30}},"6":{"start":{"line":9,"column":0},"end":{"line":9,"column":35}},"7":{"start":{"line":11,"column":19},"end":{"line":38,"column":30}},"8":{"start":{"line":42,"column":13},"end":{"line":42,"column":47}},"9":{"start":{"line":44,"column":0},"end":{"line":44,"column":22}}},"fnMap":{},"branchMap":{},"s":{"0":1,"1":1,"2":1,"3":1,"4":1,"5":1,"6":1,"7":1,"8":1,"9":1},"f":{},"b":{},"_coverageSchema":"1a1c01bbd47fc00a2c39e90264f33305004495a9","hash":"b59e8d6db820a4659a3405b60a954204aabf03cc"}
,"/Users/taile4920/Documents/307/Perspektiv/backend/models/user-services.js": {"path":"/Users/taile4920/Documents/307/Perspektiv/backend/models/user-services.js","statementMap":{"0":{"start":{"line":1,"column":17},"end":{"line":1,"column":36}},"1":{"start":{"line":2,"column":18},"end":{"line":2,"column":35}},"2":{"start":{"line":3,"column":15},"end":{"line":3,"column":32}},"3":{"start":{"line":4,"column":13},"end":{"line":4,"column":30}},"4":{"start":{"line":6,"column":0},"end":{"line":6,"column":16}},"5":{"start":{"line":9,"column":0},"end":{"line":9,"column":28}},"6":{"start":{"line":11,"column":0},"end":{"line":28,"column":40}},"7":{"start":{"line":28,"column":20},"end":{"line":28,"column":38}},"8":{"start":{"line":45,"column":2},"end":{"line":45,"column":38}},"9":{"start":{"line":61,"column":2},"end":{"line":61,"column":54}},"10":{"start":{"line":65,"column":2},"end":{"line":65,"column":87}},"11":{"start":{"line":69,"column":2},"end":{"line":69,"column":48}},"12":{"start":{"line":81,"column":2},"end":{"line":81,"column":80}},"13":{"start":{"line":85,"column":2},"end":{"line":85,"column":90}},"14":{"start":{"line":90,"column":2},"end":{"line":90,"column":84}},"15":{"start":{"line":95,"column":2},"end":{"line":95,"column":111}},"16":{"start":{"line":107,"column":0},"end":{"line":107,"column":36}},"17":{"start":{"line":108,"column":0},"end":{"line":108,"column":48}},"18":{"start":{"line":109,"column":0},"end":{"line":109,"column":41}},"19":{"start":{"line":112,"column":0},"end":{"line":112,"column":24}},"20":{"start":{"line":113,"column":0},"end":{"line":113,"column":34}},"21":{"start":{"line":114,"column":0},"end":{"line":114,"column":40}},"22":{"start":{"line":115,"column":0},"end":{"line":115,"column":40}},"23":{"start":{"line":117,"column":0},"end":{"line":117,"column":50}}},"fnMap":{"0":{"name":"(anonymous_0)","decl":{"start":{"line":28,"column":9},"end":{"line":28,"column":10}},"loc":{"start":{"line":28,"column":20},"end":{"line":28,"column":38}},"line":28},"1":{"name":"findUserById","decl":{"start":{"line":44,"column":15},"end":{"line":44,"column":27}},"loc":{"start":{"line":44,"column":32},"end":{"line":47,"column":1}},"line":44},"2":{"name":"findUserByUserName","decl":{"start":{"line":60,"column":15},"end":{"line":60,"column":33}},"loc":{"start":{"line":60,"column":44},"end":{"line":62,"column":1}},"line":60},"3":{"name":"findSimilarUsername","decl":{"start":{"line":64,"column":15},"end":{"line":64,"column":34}},"loc":{"start":{"line":64,"column":45},"end":{"line":66,"column":1}},"line":64},"4":{"name":"findUserByEmail","decl":{"start":{"line":68,"column":15},"end":{"line":68,"column":30}},"loc":{"start":{"line":68,"column":38},"end":{"line":70,"column":1}},"line":68},"5":{"name":"joinHP","decl":{"start":{"line":80,"column":15},"end":{"line":80,"column":21}},"loc":{"start":{"line":80,"column":36},"end":{"line":82,"column":1}},"line":80},"6":{"name":"changeUsername","decl":{"start":{"line":84,"column":15},"end":{"line":84,"column":29}},"loc":{"start":{"line":84,"column":52},"end":{"line":86,"column":1}},"line":84},"7":{"name":"changeEmail","decl":{"start":{"line":89,"column":15},"end":{"line":89,"column":26}},"loc":{"start":{"line":89,"column":46},"end":{"line":91,"column":1}},"line":89},"8":{"name":"changePassword","decl":{"start":{"line":94,"column":15},"end":{"line":94,"column":29}},"loc":{"start":{"line":94,"column":49},"end":{"line":96,"column":1}},"line":94}},"branchMap":{},"s":{"0":1,"1":1,"2":1,"3":1,"4":1,"5":1,"6":1,"7":0,"8":2,"9":9,"10":2,"11":2,"12":1,"13":2,"14":2,"15":2,"16":1,"17":1,"18":1,"19":1,"20":1,"21":1,"22":1,"23":1},"f":{"0":0,"1":2,"2":9,"3":2,"4":2,"5":1,"6":2,"7":2,"8":2},"b":{},"_coverageSchema":"1a1c01bbd47fc00a2c39e90264f33305004495a9","hash":"a650040ac239f1d8954b2068192f922a56461ab2"}
,"/Users/taile4920/Documents/307/Perspektiv/backend/models/user.js": {"path":"/Users/taile4920/Documents/307/Perspektiv/backend/models/user.js","statementMap":{"0":{"start":{"line":1,"column":17},"end":{"line":1,"column":36}},"1":{"start":{"line":3,"column":19},"end":{"line":36,"column":31}},"2":{"start":{"line":40,"column":13},"end":{"line":40,"column":47}},"3":{"start":{"line":42,"column":0},"end":{"line":42,"column":22}}},"fnMap":{},"branchMap":{},"s":{"0":1,"1":1,"2":1,"3":1},"f":{},"b":{},"_coverageSchema":"1a1c01bbd47fc00a2c39e90264f33305004495a9","hash":"a161113ae26284797d8cc52f51bdeb987a6d611e"}
}
