TN:
SF:models/hodgepodge-services.js
FN:28,(anonymous_0)
FN:30,findHodgepodgeByName
FN:34,findSimilarHodgepodgeName
FNF:3
FNH:2
FNDA:0,(anonymous_0)
FNDA:2,findHodgepodgeByName
FNDA:3,findSimilarHodgepodgeName
DA:1,1
DA:2,1
DA:3,1
DA:6,1
DA:9,1
DA:11,1
DA:28,0
DA:31,2
DA:35,3
DA:38,1
DA:39,1
LF:11
LH:10
BRF:0
BRH:0
end_of_record
TN:
SF:models/hodgepodge.js
FNF:0
FNH:0
DA:1,1
DA:3,1
DA:13,1
DA:15,1
LF:4
LH:4
BRF:0
BRH:0
end_of_record
TN:
SF:models/post-services.js
FN:28,(anonymous_0)
FN:30,getPosts
FN:34,updateHP
FN:37,addComment
FNF:4
FNH:3
FNDA:0,(anonymous_0)
FNDA:3,getPosts
FNDA:1,updateHP
FNDA:1,addComment
DA:1,1
DA:2,1
DA:3,1
DA:4,1
DA:6,1
DA:9,1
DA:11,1
DA:28,0
DA:31,3
DA:35,1
DA:38,1
DA:41,1
DA:42,1
DA:43,1
LF:14
LH:13
BRF:0
BRH:0
end_of_record
TN:
SF:models/post.js
FNF:0
FNH:0
DA:1,1
DA:3,1
DA:4,1
DA:5,1
DA:6,1
DA:7,1
DA:9,1
DA:11,1
DA:42,1
DA:44,1
LF:10
LH:10
BRF:0
BRH:0
end_of_record
TN:
SF:models/user-services.js
FN:28,(anonymous_0)
FN:44,findUserById
FN:60,findUserByUserName
FN:64,findSimilarUsername
FN:68,findUserByEmail
FN:80,joinHP
FN:84,changeUsername
FN:89,changeEmail
FN:94,changePassword
FNF:9
FNH:8
FNDA:0,(anonymous_0)
FNDA:2,findUserById
FNDA:9,findUserByUserName
FNDA:2,findSimilarUsername
FNDA:2,findUserByEmail
FNDA:1,joinHP
FNDA:2,changeUsername
FNDA:2,changeEmail
FNDA:2,changePassword
DA:1,1
DA:2,1
DA:3,1
DA:4,1
DA:6,1
DA:9,1
DA:11,1
DA:28,0
DA:45,2
DA:61,9
DA:65,2
DA:69,2
DA:81,1
DA:85,2
DA:90,2
DA:95,2
DA:107,1
DA:108,1
DA:109,1
DA:112,1
DA:113,1
DA:114,1
DA:115,1
DA:117,1
LF:24
LH:23
BRF:0
BRH:0
end_of_record
TN:
SF:models/user.js
FNF:0
FNH:0
DA:1,1
DA:3,1
DA:40,1
DA:42,1
LF:4
LH:4
BRF:0
BRH:0
end_of_record
